  Snake.cpp
  game.cpp
c:\program files (x86)\windows kits\10\include\10.0.17763.0\ucrt\corecrt_math_defines.h(22): warning C4005: 'M_PI': macro redefinition
  c:\users\lenovo\source\repos\enginevideogames\enginevideogames\eulerangles.h(4): note: see previous definition of 'M_PI'
c:\users\lenovo\source\repos\enginevideogames\game\game.cpp(162): warning C4244: 'argument': conversion from 'double' to 'float', possible loss of data
c:\users\lenovo\source\repos\enginevideogames\game\game.cpp(175): warning C4244: 'argument': conversion from 'int' to 'float', possible loss of data
c:\users\lenovo\source\repos\enginevideogames\game\game.cpp(191): warning C4244: 'argument': conversion from 'double' to 'float', possible loss of data
c:\users\lenovo\source\repos\enginevideogames\game\game.cpp(220): warning C4244: 'argument': conversion from 'double' to 'float', possible loss of data
c:\users\lenovo\source\repos\enginevideogames\game\game.cpp(240): warning C4244: 'argument': conversion from 'double' to 'float', possible loss of data
c:\users\lenovo\source\repos\enginevideogames\game\game.cpp(261): warning C4244: 'argument': conversion from 'int' to 'float', possible loss of data
c:\users\lenovo\source\repos\enginevideogames\game\game.cpp(285): warning C4244: 'argument': conversion from 'int' to 'float', possible loss of data
c:\users\lenovo\source\repos\enginevideogames\game\game.cpp(302): warning C4244: 'argument': conversion from 'int' to 'float', possible loss of data
c:\users\lenovo\source\repos\enginevideogames\game\game.cpp(335): warning C4244: 'initializing': conversion from 'double' to 'float', possible loss of data
c:\users\lenovo\source\repos\enginevideogames\game\game.cpp(340): warning C4244: '=': conversion from 'double' to 'float', possible loss of data
c:\users\lenovo\source\repos\enginevideogames\game\game.cpp(344): warning C4244: '=': conversion from 'double' to 'float', possible loss of data
c:\users\lenovo\source\repos\enginevideogames\game\game.cpp(432): warning C4244: '=': conversion from 'int' to 'T', possible loss of data
          with
          [
              T=float
          ]
c:\users\lenovo\source\repos\enginevideogames\game\game.cpp(434): warning C4244: '=': conversion from 'int' to 'T', possible loss of data
          with
          [
              T=float
          ]
c:\users\lenovo\source\repos\enginevideogames\game\game.cpp(436): warning C4244: '=': conversion from 'int' to 'T', possible loss of data
          with
          [
              T=float
          ]
c:\users\lenovo\source\repos\enginevideogames\game\game.cpp(439): warning C4244: '=': conversion from 'int' to 'T', possible loss of data
          with
          [
              T=float
          ]
c:\users\lenovo\source\repos\enginevideogames\game\game.cpp(441): warning C4244: '=': conversion from 'int' to 'T', possible loss of data
          with
          [
              T=float
          ]
c:\users\lenovo\source\repos\enginevideogames\game\game.cpp(672): warning C4305: 'argument': truncation from 'double' to 'float'
c:\users\lenovo\source\repos\enginevideogames\game\game.cpp(673): warning C4244: 'argument': conversion from 'int' to 'float', possible loss of data
c:\users\lenovo\source\repos\enginevideogames\game\game.cpp(674): warning C4244: 'argument': conversion from 'int' to 'float', possible loss of data
c:\users\lenovo\source\repos\enginevideogames\game\game.cpp(683): warning C4305: 'argument': truncation from 'double' to 'float'
c:\users\lenovo\source\repos\enginevideogames\game\game.cpp(684): warning C4244: 'argument': conversion from 'int' to 'float', possible loss of data
c:\users\lenovo\source\repos\enginevideogames\game\game.cpp(695): warning C4244: 'argument': conversion from 'int' to 'float', possible loss of data
c:\users\lenovo\source\repos\enginevideogames\game\game.cpp(697): warning C4305: 'argument': truncation from 'double' to 'float'
c:\users\lenovo\source\repos\enginevideogames\game\game.cpp(707): warning C4244: 'argument': conversion from 'int' to 'float', possible loss of data
c:\users\lenovo\source\repos\enginevideogames\game\game.cpp(709): warning C4305: 'argument': truncation from 'double' to 'float'
c:\users\lenovo\source\repos\enginevideogames\game\game.cpp(719): warning C4305: 'argument': truncation from 'double' to 'float'
c:\users\lenovo\source\repos\enginevideogames\game\game.cpp(720): warning C4244: 'argument': conversion from 'int' to 'float', possible loss of data
c:\users\lenovo\source\repos\enginevideogames\game\game.cpp(729): warning C4305: 'argument': truncation from 'double' to 'float'
c:\users\lenovo\source\repos\enginevideogames\game\game.cpp(731): warning C4305: 'argument': truncation from 'double' to 'float'
c:\users\lenovo\source\repos\enginevideogames\game\game.cpp(732): warning C4305: 'argument': truncation from 'double' to 'float'
c:\users\lenovo\source\repos\enginevideogames\game\game.cpp(733): warning C4305: 'argument': truncation from 'double' to 'float'
c:\users\lenovo\source\repos\enginevideogames\game\game.cpp(741): warning C4305: 'argument': truncation from 'double' to 'float'
c:\users\lenovo\source\repos\enginevideogames\game\game.cpp(742): warning C4305: 'argument': truncation from 'double' to 'float'
c:\users\lenovo\source\repos\enginevideogames\game\game.cpp(743): warning C4305: 'argument': truncation from 'double' to 'float'
c:\users\lenovo\source\repos\enginevideogames\game\game.cpp(752): warning C4305: 'argument': truncation from 'double' to 'float'
c:\users\lenovo\source\repos\enginevideogames\game\game.cpp(753): warning C4305: 'argument': truncation from 'double' to 'float'
c:\users\lenovo\source\repos\enginevideogames\game\game.cpp(754): warning C4305: 'argument': truncation from 'double' to 'float'
  Generating Code...
  Game.vcxproj -> C:\Users\Lenovo\Source\Repos\EngineVideoGames\Debug\Game.exe
